Chapter 4 R log
Log file: C:/Users/marvi/Dropbox/Book/2nd Edition/Chapter 4/Output/logs/Chapter4_R_output.log 
Opened:  2026-03-27 20:40:34 
------------------------------------------------------------ 

=== Section 4.2.1: Primary Data === 
Example 4.2.1 - Manually created dataset: 
  variable_x variable_y variable_z
1         31         57         18
2         25         68         12
3         35         60         13
4         38         59         17
5         30         59         15

=== Section 4.2.2: Cross-Sectional Dataset === 
trying URL 'https://raw.githubusercontent.com/higher-ed-policy-analysis-2nd-edition/data/main/ch4/tabn302_50.xlsx'
Content type 'application/octet-stream' length 24890 bytes (24 KB)
downloaded 24 KB

Structure of Table 302.50 data: 
tibble [51 × 9] (S3: tbl_df/tbl/data.frame)
 $ stateid  : num [1:51] 1 2 3 4 5 6 7 8 9 10 ...
 $ State    : chr [1:51] "Alabama" "Alaska" "Arizona" "Arkansas" ...
 $ Total    : num [1:51] 50164 8189 66218 30019 451364 ...
 $ Public   : num [1:51] 45394 7989 63208 28419 418664 ...
 $ Private  : num [1:51] 4770 200 3010 1600 32700 ...
 $ anystate : num [1:51] 29728 3732 35181 20185 263843 ...
 $ homestate: num [1:51] 26567 2413 31132 18244 231215 ...
 $ anyrate  : num [1:51] 59 46 53 67 58 59 71 65 43 63 ...
 $ homerate : num [1:51] 53 29 47 61 51 44 39 46 8 55 ...
Cross-sectional dataset created: rows= 51  cols= 11 
Final structure: 
tibble [51 × 11] (S3: tbl_df/tbl/data.frame)
 $ state_abbrev: chr [1:51] "AL" "AK" "AZ" "AR" ...
  ..- attr(*, "label")= chr "State abbreviation"
 $ state_fips  : int [1:51] 1 2 4 5 6 8 9 10 11 12 ...
 $ stateid     : int [1:51] 1 2 3 4 5 6 7 8 9 10 ...
 $ State       : chr [1:51] "Alabama" "Alaska" "Arizona" "Arkansas" ...
  ..- attr(*, "label")= chr "State name"
 $ Total       : int [1:51] 50164 8189 66218 30019 451364 52607 44751 10037 5680 171404 ...
 $ Public      : int [1:51] 45394 7989 63208 28419 418664 50087 38681 8247 3860 151964 ...
 $ Private     : int [1:51] 4770 200 3010 1600 32700 2520 6070 1790 1820 19440 ...
 $ anystate    : int [1:51] 29728 3732 35181 20185 263843 31139 31662 6500 2463 107716 ...
 $ homestate   : int [1:51] 26567 2413 31132 18244 231215 23268 17396 4632 450 94985 ...
 $ anyrate     : int [1:51] 59 46 53 67 58 59 71 65 43 63 ...
 $ homerate    : int [1:51] 53 29 47 61 51 44 39 46 8 55 ...

=== Section 4.2.2: Time-Series Dataset === 
trying URL 'https://raw.githubusercontent.com/higher-ed-policy-analysis-2nd-edition/data/main/ch4/tabn302_10.xlsx'
Content type 'application/octet-stream' length 39261 bytes (38 KB)
downloaded 38 KB

Time-series dataset created: rows= 56  cols= 2 
Year range: 1960 to 2015 

=== Section 4.2.2: Panel Dataset === 
trying URL 'https://raw.githubusercontent.com/higher-ed-policy-analysis-2nd-edition/data/main/ch4/tabn304_70.xlsx'
Content type 'application/octet-stream' length 28840 bytes (28 KB)
downloaded 28 KB

Available sheets:  Digest 2018 Table 304.70, HSGrad 
Sheet 'HSGrad' - wide format: rows=51 cols=8
Data in long format (from 'HSGrad' sheet): rows=306 cols=4

Panel data structure ( HSGrad  sheet): 
Number of unique units (states):  51 
Time periods:  6 
Balanced panel:  TRUE 

=== Section 4.2.2: Merging Multiple Variables === 
Note: Using data from ' HSGrad ' sheet for high school graduates 
Using same data structure for both enrollment and HS graduates 

Merging multiple datasets... 
Single sheet contains all data - no separate merge needed 

Complete panel data structure: 
Number of unique units (states):  51 
Time periods:  6 
Total observations:  306 
Balanced panel:  TRUE 

First 10 observations of merged dataset: 
# A tibble: 10 × 4
      id State    year HSGrad
   <int> <chr>   <int>  <int>
 1     1 Alabama  2000 201389
 2     1 Alabama  2010 282128
 3     1 Alabama  2012 265917
 4     1 Alabama  2015 257649
 5     1 Alabama  2016 258008
 6     1 Alabama  2017 259562
 7     2 Alaska   2000  26222
 8     2 Alaska   2010  31925
 9     2 Alaska   2012  30018
10     2 Alaska   2015  28818

=== Chapter 4 Processing Complete === 

Key objects created: 
- example_4_2_1: Manually created dataset (Example 4.2.1) 
- tab302_50: Cross-sectional HS graduates data (Table 302.50) 
- tab302_10: Time-series enrollment percentages (Table 302.10) 
- tab304_70_wide: Undergraduate enrollment, wide format 
- tab304_70_long: Undergraduate enrollment, long format 
- pdata_ugrad: Panel data frame for undergraduate enrollment 
- tab304_70_hsgrad_long: High school graduates, long format 
- complete_panel: Merged panel dataset 
- pdata_complete: Panel data frame for complete merged data 

Note: All datasets referenced in this code are available at: 
https://github.com/higher-ed-policy-analysis-2nd-edition/data/tree/main/ch4 

For detailed documentation, see the README.md file in the code repository. 

Chapter 4 log closed: 2026-03-27 20:40:35 
