Chapter 10 R log opened: 31 Mar 2026 13:52:33 
Graphs directory: C:/Users/marvi/Dropbox/Book/2nd Edition/Chapter 10/Output/graphs 


 ============================================================ 
PART A: CAUSAL INFERENCE
============================================================ 

* Section 10.3.1: Data Structure and Variable Construction
indexing Example_10_3_1.csv [=====================================================================================] 1.32GB/s, eta:  0s                                                                                                                                      Data loaded: N = 336   States = 16   Years = 21 

* Section 10.3.2: TWFE Estimation Results
OLS estimation, Dep. Var.: lngenop
Observations: 336
Fixed-effects: fips: 16,  fy: 21
Standard-errors: Clustered (fips) 
          Estimate Std. Error  t value   Pr(>|t|)    
did      -0.042713   0.018310 -2.33275 3.3999e-02 *  
lntotsup  1.185233   0.069625 17.02309 3.2139e-11 ***
lnfinaid -0.089841   0.022780 -3.94392 1.2995e-03 ** 
lntuifee  0.079175   0.046980  1.68527 1.1262e-01    
lnfte     0.297079   0.167996  1.76837 9.7325e-02 .  
---
Signif. codes:  0 '***' 0.001 '**' 0.01 '*' 0.05 '.' 0.1 ' ' 1
RMSE: 0.047665     Adj. R2: 0.996498
                 Within R2: 0.850399

Placebo test (pre-2018):
OLS estimation, Dep. Var.: lngenop
Observations: 272
Fixed-effects: fips: 16,  fy: 17
Standard-errors: Clustered (fips) 
             Estimate Std. Error  t value   Pr(>|t|)    
did_placebo -0.037000   0.024013 -1.54083 1.4419e-01    
lntotsup     1.210392   0.066307 18.25432 1.1799e-11 ***
lnfinaid    -0.091479   0.021095 -4.33646 5.8716e-04 ***
lntuifee     0.071807   0.060141  1.19398 2.5103e-01    
lnfte        0.304805   0.163461  1.86469 8.1911e-02 .  
---
Signif. codes:  0 '***' 0.001 '**' 0.01 '*' 0.05 '.' 0.1 ' ' 1
RMSE: 0.04321     Adj. R2: 0.996885
                Within R2: 0.829841

* Section 10.3.3: Parallel Trends Assessment

Formal pre-trends test (interaction treat_state x fy, pre-2018):
OLS estimation, Dep. Var.: lngenop
Observations: 272
Fixed-effects: fips: 16,  fy: 17
Standard-errors: Clustered (fips) 
                Estimate Std. Error  t value   Pr(>|t|)    
lntotsup        1.211340   0.066766 18.14299 1.2885e-11 ***
lnfinaid       -0.092568   0.020090 -4.60774 3.4170e-04 ***
lntuifee        0.093739   0.050313  1.86311 8.2145e-02 .  
lnfte           0.330686   0.152879  2.16305 4.7094e-02 *  
treat_state:fy -0.007648   0.001731 -4.41888 4.9774e-04 ***
---
Signif. codes:  0 '***' 0.001 '**' 0.01 '*' 0.05 '.' 0.1 ' ' 1
RMSE: 0.042685     Adj. R2: 0.996961
                 Within R2: 0.83395 
H0: treat_state:fy = 0  p-value: 0.0004977407 

* Section 10.3.4: Robustness Checks
Robustness — Alt timing 2013:
OLS estimation, Dep. Var.: lngenop
Observations: 336
Fixed-effects: fips: 16,  fy: 21
Standard-errors: Clustered (fips) 
          Estimate Std. Error  t value   Pr(>|t|)    
did_2013 -0.040931   0.021919 -1.86740 8.1512e-02 .  
lntotsup  1.187679   0.070918 16.74712 4.0597e-11 ***
lnfinaid -0.091141   0.022636 -4.02640 1.0987e-03 ** 
lntuifee  0.089849   0.049336  1.82115 8.8588e-02 .  
lnfte     0.292635   0.167305  1.74911 1.0070e-01    
---
Signif. codes:  0 '***' 0.001 '**' 0.01 '*' 0.05 '.' 0.1 ' ' 1
RMSE: 0.047626     Adj. R2: 0.996504
                 Within R2: 0.850648
Robustness — Alt timing 2015:
OLS estimation, Dep. Var.: lngenop
Observations: 336
Fixed-effects: fips: 16,  fy: 21
Standard-errors: Clustered (fips) 
          Estimate Std. Error  t value   Pr(>|t|)    
did_2015 -0.043116   0.018737 -2.30113 3.6146e-02 *  
lntotsup  1.188735   0.070780 16.79488 3.8979e-11 ***
lnfinaid -0.090662   0.022589 -4.01360 1.1277e-03 ** 
lntuifee  0.086431   0.047384  1.82404 8.8130e-02 .  
lnfte     0.293418   0.167189  1.75500 9.9655e-02 .  
---
Signif. codes:  0 '***' 0.001 '**' 0.01 '*' 0.05 '.' 0.1 ' ' 1
RMSE: 0.047609     Adj. R2: 0.996506
                 Within R2: 0.850754
Robustness — No border states:
OLS estimation, Dep. Var.: lngenop
Observations: 231
Fixed-effects: fips: 11,  fy: 21
Standard-errors: Clustered (fips) 
          Estimate Std. Error   t value   Pr(>|t|)    
did      -0.030930   0.022317 -1.385919 1.9590e-01    
lntotsup  1.147665   0.097404 11.782572 3.4689e-07 ***
lnfinaid -0.071554   0.032395 -2.208780 5.1667e-02 .  
lntuifee  0.035957   0.070779  0.508018 6.2246e-01    
lnfte     0.385870   0.232557  1.659247 1.2805e-01    
---
Signif. codes:  0 '***' 0.001 '**' 0.01 '*' 0.05 '.' 0.1 ' ' 1
RMSE: 0.048698     Adj. R2: 0.996548
                 Within R2: 0.853219
Robustness — Weighted:
OLS estimation, Dep. Var.: lngenop
Observations: 336
Weights: mean_fte
Fixed-effects: fips: 16,  fy: 21
Standard-errors: Clustered (fips) 
          Estimate Std. Error   t value   Pr(>|t|)    
did      -0.039896   0.013459 -2.964299 9.6488e-03 ** 
lntotsup  1.139513   0.101511 11.225472 1.0700e-08 ***
lnfinaid -0.048148   0.039877 -1.207393 2.4598e-01    
lntuifee  0.033858   0.054958  0.616064 5.4709e-01    
lnfte     0.477204   0.203447  2.345599 3.3161e-02 *  
---
Signif. codes:  0 '***' 0.001 '**' 0.01 '*' 0.05 '.' 0.1 ' ' 1
RMSE: 27.0     Adj. R2: 0.995556
             Within R2: 0.800121

* Section 10.4.2-10.4.3: LASSO-Residualized DiD
LASSO-selected variables: lntotsup, lnfinaid, lntuifee, lnfte 

Post-LASSO DiD:
OLS estimation, Dep. Var.: lngenop
Observations: 336
Fixed-effects: fips: 16,  fy: 21
Standard-errors: Clustered (fips) 
          Estimate Std. Error  t value   Pr(>|t|)    
did      -0.042713   0.018310 -2.33275 3.3999e-02 *  
lntotsup  1.185233   0.069625 17.02309 3.2139e-11 ***
lnfinaid -0.089841   0.022780 -3.94392 1.2995e-03 ** 
lntuifee  0.079175   0.046980  1.68527 1.1262e-01    
lnfte     0.297079   0.167996  1.76837 9.7325e-02 .  
---
Signif. codes:  0 '***' 0.001 '**' 0.01 '*' 0.05 '.' 0.1 ' ' 1
RMSE: 0.047665     Adj. R2: 0.996498
                 Within R2: 0.850399

* Section 10.5.3: Synthetic Control Method

X1, X0, Z1, Z0 all come directly from dataprep object.


**************** 
 searching for synthetic control unit  
 

**************** 
**************** 
**************** 

MSPE (LOSS V): 0.0009414099 

solution.v:
 0.3179944 0.0008338489 0 0.1673336 0.1155104 0.07067637 0.3276513 

solution.w:
 0.01613629 0.009172535 0.004732333 0.4399059 0.01417409 0.02689399 0.004886669 0.007912376 0.2287036 0.006834166 0.02157416 0.1995767 7.62932e-05 0.006560893 0.01286004 


Post-treatment average synthetic control gap:
    Min.  1st Qu.   Median     Mean  3rd Qu.     Max. 
-0.04307  0.02470  0.04854  0.02716  0.05100  0.05461 

* Section 10.6.3: Synthetic DiD (single treated unit)
SDID estimate: 0.0338   Placebo SE: 0.086 

* Sections 10.2.4 & 10.3.3: Event Study
Event study results:
OLS estimation, Dep. Var.: lngenop
Observations: 336
Fixed-effects: fips: 16,  fy: 21
Standard-errors: Clustered (fips) 
                              Estimate Std. Error   t value   Pr(>|t|)    
rel_time_bin::-8:treat_state  0.063574   0.024321  2.613954 1.9548e-02 *  
rel_time_bin::-7:treat_state  0.018596   0.043402  0.428468 6.7440e-01    
rel_time_bin::-6:treat_state -0.031018   0.018856 -1.645024 1.2075e-01    
rel_time_bin::-5:treat_state  0.026098   0.013835  1.886354 7.8760e-02 .  
rel_time_bin::-4:treat_state  0.028621   0.010823  2.644502 1.8392e-02 *  
rel_time_bin::-3:treat_state  0.013160   0.006598  1.994561 6.4592e-02 .  
rel_time_bin::-2:treat_state  0.015861   0.008427  1.882277 7.9345e-02 .  
rel_time_bin::0:treat_state  -0.007485   0.004678 -1.600004 1.3044e-01    
rel_time_bin::1:treat_state  -0.016364   0.011611 -1.409324 1.7913e-01    
rel_time_bin::2:treat_state  -0.006619   0.018523 -0.357366 7.2580e-01    
rel_time_bin::3:treat_state  -0.000696   0.034231 -0.020337 9.8404e-01    
lntotsup                      1.188514   0.074471 15.959312 8.0663e-11 ***
lnfinaid                     -0.091497   0.022686 -4.033146 1.0838e-03 ** 
lntuifee                      0.100651   0.048471  2.076522 5.5447e-02 .  
lnfte                         0.305836   0.168026  1.820166 8.8744e-02 .  
---
Signif. codes:  0 '***' 0.001 '**' 0.01 '*' 0.05 '.' 0.1 ' ' 1
RMSE: 0.047312     Adj. R2: 0.996429
                 Within R2: 0.852608

Callaway-Sant'Anna ATT(g,t) estimates:

Call:
did::att_gt(yname = "lngenop", tname = "fy", idname = "fips", 
    gname = "treat_year", xformla = as.formula(paste("~", controls_f)), 
    data = df, control_group = "nevertreated", est_method = "dr")

Reference: Callaway, Brantly and Pedro H.C. Sant'Anna.  "Difference-in-Differences with Multiple Time Periods." Journal of Econometrics, Vol. 225, No. 2, pp. 200-230, 2021. <https://doi.org/10.1016/j.jeconom.2020.12.001>, <https://arxiv.org/abs/1803.09015> 

Group-Time Average Treatment Effects:
 Group Time ATT(g,t) Std. Error [95% Simult.  Conf. Band] 
  2018 2002       NA         NA            NA          NA 
  2018 2003       NA         NA            NA          NA 
  2018 2004       NA         NA            NA          NA 
  2018 2005       NA         NA            NA          NA 
  2018 2006       NA         NA            NA          NA 
  2018 2007       NA         NA            NA          NA 
  2018 2008       NA         NA            NA          NA 
  2018 2009       NA         NA            NA          NA 
  2018 2010       NA         NA            NA          NA 
  2018 2011       NA         NA            NA          NA 
  2018 2012       NA         NA            NA          NA 
  2018 2013       NA         NA            NA          NA 
  2018 2014       NA         NA            NA          NA 
  2018 2015       NA         NA            NA          NA 
  2018 2016       NA         NA            NA          NA 
  2018 2017       NA         NA            NA          NA 
  2018 2018       NA         NA            NA          NA 
  2018 2019       NA         NA            NA          NA 
  2018 2020       NA         NA            NA          NA 
  2018 2021       NA         NA            NA          NA 
---
Signif. codes: `*' confidence band does not cover 0

Control Group:  Never Treated,  Anticipation Periods:  0
Estimation Method:  Doubly Robust
NULL

* Section 10.7.3-10.7.5: Multi-State Staggered Analysis
indexing Example_10_7_3.csv [=====================================================================================] 2.15GB/s, eta:  0s                                                                                                                                      Balanced staggered panel: N states = 48   Periods = 24 

Overall ATT (simple aggregation):

Call:
did::aggte(MP = csa_stag, type = "simple")

Reference: Callaway, Brantly and Pedro H.C. Sant'Anna.  "Difference-in-Differences with Multiple Time Periods." Journal of Econometrics, Vol. 225, No. 2, pp. 200-230, 2021. <https://doi.org/10.1016/j.jeconom.2020.12.001>, <https://arxiv.org/abs/1803.09015> 


    ATT    Std. Error     [ 95%  Conf. Int.] 
 0.0468        0.0484     -0.048      0.1416 


---
Signif. codes: `*' confidence band does not cover 0

Control Group:  Never Treated,  Anticipation Periods:  0
Estimation Method:  Doubly Robust
NULL

Group-specific ATT:

Call:
did::aggte(MP = csa_stag, type = "group")

Reference: Callaway, Brantly and Pedro H.C. Sant'Anna.  "Difference-in-Differences with Multiple Time Periods." Journal of Econometrics, Vol. 225, No. 2, pp. 200-230, 2021. <https://doi.org/10.1016/j.jeconom.2020.12.001>, <https://arxiv.org/abs/1803.09015> 


Overall summary of ATT's based on group/cohort aggregation:  
    ATT    Std. Error     [ 95%  Conf. Int.] 
 0.0096        0.0136    -0.0171      0.0362 


Group Effects:
 Group Estimate Std. Error [95% Simult.  Conf. Band]  
  2013   0.1065     0.0213        0.0617      0.1514 *
  2018  -0.0037     0.0143       -0.0339      0.0264  
  2022  -0.0741     0.0250       -0.1268     -0.0213 *
---
Signif. codes: `*' confidence band does not cover 0

Control Group:  Never Treated,  Anticipation Periods:  0
Estimation Method:  Doubly Robust
NULL

Event study aggregation:

Call:
did::aggte(MP = csa_stag, type = "dynamic")

Reference: Callaway, Brantly and Pedro H.C. Sant'Anna.  "Difference-in-Differences with Multiple Time Periods." Journal of Econometrics, Vol. 225, No. 2, pp. 200-230, 2021. <https://doi.org/10.1016/j.jeconom.2020.12.001>, <https://arxiv.org/abs/1803.09015> 


Overall summary of ATT's based on event-study/dynamic aggregation:  
    ATT    Std. Error     [ 95%  Conf. Int.]  
 0.0762        0.0263     0.0246      0.1278 *


Dynamic Effects:
 Event time Estimate Std. Error [95% Simult.  Conf. Band]  
        -20  -0.0241     0.0106       -0.0528      0.0045  
        -19  -0.0149     0.0132       -0.0505      0.0208  
        -18  -0.0289     0.0119       -0.0611      0.0033  
        -17  -0.0028     0.0081       -0.0246      0.0189  
        -16  -0.0190     0.0246       -0.0853      0.0473  
        -15  -0.0002     0.0176       -0.0476      0.0472  
        -14  -0.0481     0.0091       -0.0726     -0.0235 *
        -13  -0.0022     0.0238       -0.0664      0.0620  
        -12  -0.0810     0.0108       -0.1102     -0.0517 *
        -11  -0.0266     0.0102       -0.0541      0.0009  
        -10  -0.0724     0.0534       -0.2166      0.0718  
         -9   0.0226     0.0246       -0.0439      0.0891  
         -8   0.0121     0.0276       -0.0625      0.0867  
         -7   0.0124     0.0093       -0.0128      0.0377  
         -6  -0.0552     0.0266       -0.1270      0.0166  
         -5   0.0128     0.0129       -0.0221      0.0478  
         -4  -0.0363     0.0287       -0.1137      0.0412  
         -3  -0.0218     0.0461       -0.1463      0.1028  
         -2  -0.0011     0.0352       -0.0963      0.0940  
         -1  -0.0100     0.0125       -0.0436      0.0236  
          0  -0.0144     0.0309       -0.0979      0.0691  
          1   0.0029     0.0303       -0.0788      0.0846  
          2  -0.0221     0.0336       -0.1127      0.0685  
          3   0.0472     0.0158        0.0045      0.0900 *
          4   0.0434     0.0368       -0.0560      0.1428  
          5   0.0491     0.0824       -0.1733      0.2716  
          6   0.0435     0.0951       -0.2133      0.3002  
          7   0.1668     0.0302        0.0852      0.2483 *
          8   0.0846     0.0334       -0.0057      0.1749  
          9   0.1356     0.0296        0.0558      0.2154 *
         10   0.2063     0.0342        0.1141      0.2986 *
         11   0.1710     0.0378        0.0690      0.2730 *
---
Signif. codes: `*' confidence band does not cover 0

Control Group:  Never Treated,  Anticipation Periods:  0
Estimation Method:  Doubly Robust
NULL

Calendar-time ATT:

Call:
did::aggte(MP = csa_stag, type = "calendar")

Reference: Callaway, Brantly and Pedro H.C. Sant'Anna.  "Difference-in-Differences with Multiple Time Periods." Journal of Econometrics, Vol. 225, No. 2, pp. 200-230, 2021. <https://doi.org/10.1016/j.jeconom.2020.12.001>, <https://arxiv.org/abs/1803.09015> 


Overall summary of ATT's based on calendar time aggregation:  
    ATT    Std. Error     [ 95%  Conf. Int.] 
 0.0487        0.0342    -0.0183      0.1157 


Time Effects:
 Time Estimate Std. Error [95% Simult.  Conf. Band]  
 2013   0.0070     0.0082       -0.0130      0.0270  
 2014   0.0230     0.0120       -0.0062      0.0523  
 2015   0.0200     0.0232       -0.0364      0.0765  
 2016   0.0551     0.0216        0.0026      0.1077 *
 2017   0.0853     0.0227        0.0303      0.1404 *
 2018   0.0903     0.0445       -0.0179      0.1985  
 2019   0.1051     0.0497       -0.0156      0.2258  
 2020   0.0853     0.0731       -0.0923      0.2629  
 2021   0.0620     0.0312       -0.0139      0.1378  
 2022   0.0196     0.0546       -0.1131      0.1522  
 2023   0.0328     0.0843       -0.1719      0.2376  
 2024  -0.0011     0.0880       -0.2149      0.2127  
---
Signif. codes: `*' confidence band does not cover 0

Control Group:  Never Treated,  Anticipation Periods:  0
Estimation Method:  Doubly Robust
NULL
[synthdid staggered] Error: The package cannot use this data. Treatment adoption is not simultaneous. 

* Section 10.8.2: Permutation Inference
Permutation test: observed coef = -0.0427   p-value = 0.209 

* Section 10.8.3: Leave-One-Out Analysis

Leave-One-Out Analysis:
   excl_fips    did_coef
1          1 -0.03378357
2          5 -0.04119450
3         10 -0.05200485
4         12 -0.04282221
5         21 -0.04287103
6         22 -0.03634722
7         24 -0.04263621
8         28 -0.04405521
9         37 -0.04319921
10        40 -0.03423535
11        45 -0.04607275
12        47 -0.04074710
13        48 -0.03563117
14        51 -0.04682720
15        54 -0.04026977

* Section 10.9: Results Summary
Saved: results_combined.csv

 ============================================================ 
PART B: MARGINAL TREATMENT EFFECTS
============================================================ 

* SECTION 1: Load Dataset
Sample size: 8000 
Variables: id, female, white, black, hispanic, asian, other_race, age_ba, firstgen, parent_income_q, parent_grad, ugpa, stem_major, bus_major, ed_major, socsci_major, selective_inst, public_ug, state_unemp, metro, state, ga_funding, ga_funding_adj, eta_ability, eta_taste, eta_prod, ga_dev, z_masters, p_masters, u_d, masters, ln_salary_0, te_masters, ln_salary_1, ln_salary, salary, _est_ols_model, _est_first_stage, _est_iv_model 

Generating ma_* variables from undergraduate major fields...
ma_* variables generated successfully.

--- Program Area Distribution (Treated Only) ---
Total treated: 3068 
  ma_stem: 621  ( 20.2%)
  ma_business: 194  (  6.3%)
  ma_education: 223  (  7.3%)
  ma_health: 755  ( 24.6%)
  ma_other: 1275  ( 41.6%)
CHECK PASSED: all treated obs have exactly 1 program area
CHECK PASSED: all untreated obs have zero program area

* SECTION 2: Summary Statistics
Treatment rate: 0.384
   ln_salary          salary           masters       ga_funding_adj 
 Min.   : 7.939   Min.   :   2805   Min.   :0.0000   Min.   : 7.20  
 1st Qu.:10.184   1st Qu.:  26464   1st Qu.:0.0000   1st Qu.:15.53  
 Median :10.741   Median :  46207   Median :0.0000   Median :18.75  
 Mean   :10.787   Mean   :  71945   Mean   :0.3835   Mean   :19.06  
 3rd Qu.:11.352   3rd Qu.:  85139   3rd Qu.:1.0000   3rd Qu.:22.11  
 Max.   :14.093   Max.   :1319387   Max.   :1.0000   Max.   :37.81  

Salary statistics by treatment group:
# A tibble: 2 × 6
  masters mean_salary sd_salary mean_ln_salary sd_ln_salary     n
    <dbl>       <dbl>     <dbl>          <dbl>        <dbl> <int>
1       0      43243.    39391.           10.4        0.692  4932
2       1     118084.   107232.           11.4        0.786  3068

* SECTION 3: Instrument Relevance
First-stage regression:

t test of coefficients:

                  Estimate Std. Error t value  Pr(>|t|)    
(Intercept)     -0.5219295  0.1232042 -4.2363 2.298e-05 ***
ga_funding_adj   0.0418541  0.0011621 36.0162 < 2.2e-16 ***
female           0.0129289  0.0099002  1.3059  0.191617    
black            0.0099792  0.0165914  0.6015  0.547547    
hispanic        -0.0244621  0.0155159 -1.5766  0.114931    
asian            0.0230388  0.0185428  1.2425  0.214101    
age_ba          -0.0062311  0.0039932 -1.5604  0.118699    
firstgen        -0.0316458  0.0101899 -3.1056  0.001906 ** 
parent_income_q  0.0090282  0.0049468  1.8251  0.068028 .  
parent_grad      0.0377754  0.0116942  3.2303  0.001242 ** 
ugpa             0.0818090  0.0254026  3.2205  0.001285 ** 
stem_major      -0.0140489  0.0144665 -0.9711  0.331511    
bus_major       -0.0184708  0.0133387 -1.3848  0.166168    
ed_major         0.0428912  0.0187102  2.2924  0.021909 *  
selective_inst   0.0299812  0.0109865  2.7289  0.006368 ** 
public_ug        0.0029915  0.0103484  0.2891  0.772530    
state_unemp     -0.0051026  0.0040933 -1.2466  0.212590    
metro            0.0257157  0.0113854  2.2587  0.023932 *  
---
Signif. codes:  0 ‘***’ 0.001 ‘**’ 0.01 ‘*’ 0.05 ‘.’ 0.1 ‘ ’ 1


First-stage F: 1297.16  RESULT: Strong instrument (F > 10)

* SECTION 4: Naive OLS Estimation
OLS estimate: 0.9633  (SE = 0.0178)

t test of coefficients:

                  Estimate Std. Error t value  Pr(>|t|)    
(Intercept)      9.3791865  0.1966055 47.7056 < 2.2e-16 ***
masters          0.9632808  0.0177649 54.2238 < 2.2e-16 ***
female          -0.0749180  0.0162185 -4.6193 3.911e-06 ***
black           -0.0617010  0.0263427 -2.3422 0.0191927 *  
hispanic        -0.0660347  0.0248790 -2.6542 0.0079647 ** 
asian            0.0605121  0.0301860  2.0046 0.0450352 *  
age_ba           0.0244264  0.0064920  3.7625 0.0001694 ***
firstgen        -0.0107291  0.0166070 -0.6461 0.5182620    
parent_income_q  0.0172929  0.0081465  2.1227 0.0338058 *  
parent_grad      0.0041089  0.0191254  0.2148 0.8298974    
ugpa             0.0994629  0.0420884  2.3632 0.0181421 *  
stem_major       0.1238623  0.0193876  6.3887 1.766e-10 ***
bus_major        0.2513828  0.0246315 10.2058 < 2.2e-16 ***
ed_major        -0.1813934  0.0299609 -6.0543 1.474e-09 ***
selective_inst   0.0502763  0.0176210  2.8532 0.0043394 ** 
public_ug        0.0204098  0.0167997  1.2149 0.2244437    
state_unemp      0.0065202  0.0065703  0.9924 0.3210426    
metro            0.0900685  0.0184398  4.8845 1.057e-06 ***
---
Signif. codes:  0 ‘***’ 0.001 ‘**’ 0.01 ‘*’ 0.05 ‘.’ 0.1 ‘ ’ 1


* SECTION 5: IV/2SLS Estimation (LATE)

IV/LATE estimate: 0.4031  (SE = 0.0489)

Call:
ivreg::ivreg(formula = iv_fml, data = bb)

Residuals:
     Min       1Q   Median       3Q      Max 
-2.88625 -0.50506 -0.03044  0.48302  2.88024 

Coefficients:
                 Estimate Std. Error t value Pr(>|t|)    
(Intercept)      9.532160   0.213718  44.602  < 2e-16 ***
masters          0.403122   0.048123   8.377  < 2e-16 ***
female          -0.070688   0.017247  -4.099 4.20e-05 ***
black           -0.055728   0.028994  -1.922 0.054630 .  
hispanic        -0.079196   0.026799  -2.955 0.003134 ** 
asian            0.070076   0.031986   2.191 0.028493 *  
age_ba           0.020428   0.006998   2.919 0.003518 ** 
firstgen        -0.027789   0.017957  -1.548 0.121770    
parent_income_q  0.023362   0.008677   2.692 0.007108 ** 
parent_grad      0.028260   0.020041   1.410 0.158557    
ugpa             0.136627   0.044745   3.053 0.002270 ** 
stem_major       0.242616   0.023323  10.402  < 2e-16 ***
bus_major        0.200633   0.025478   7.875 3.86e-15 ***
ed_major        -0.115285   0.031815  -3.624 0.000292 ***
selective_inst   0.070986   0.018854   3.765 0.000168 ***
public_ug        0.022351   0.017964   1.244 0.213459    
state_unemp      0.004251   0.007081   0.600 0.548273    
metro            0.106012   0.019887   5.331 1.00e-07 ***

Diagnostic tests:
                  df1  df2 statistic p-value    
Weak instruments    1 7982    1308.4  <2e-16 ***
Wu-Hausman          1 7981     183.4  <2e-16 ***
Sargan              0   NA        NA      NA    
---
Signif. codes:  0 ‘***’ 0.001 ‘**’ 0.01 ‘*’ 0.05 ‘.’ 0.1 ‘ ’ 1

Residual standard error: 0.7642 on 7982 degrees of freedom
Multiple R-Squared: 0.2245,	Adjusted R-squared: 0.2228 
Wald test: 29.26 on 17 and 7982 DF,  p-value: < 2.2e-16 


* SECTION 6: MTE Estimation — Pooled Polynomial
GA funding probit coefficient: 0.12489

Quadratic MTE(u) = -1.1710 + 8.7005*u + -6.8760*u^2
ATE (quadratic): 0.8873

Cubic MTE(u) = -2.5024 + 19.3055*u + -30.2517*u^2 + 15.1216*u^3
Estimated ATE (cubic): 0.8468
Estimated ATT:         1.2162
Estimated ATU:         0.5528

--- Heckman Selection Model ---
Heckman 2-step:
--------------------------------------------
Tobit 2 model (sample selection model)
2-step Heckman / heckit estimation
8000 observations (4932 censored and 3068 observed)
38 free parameters (df = 7963)
Probit selection equation:
                 Estimate Std. Error t value Pr(>|t|)    
(Intercept)     -3.082058   0.389863  -7.905 3.03e-15 ***
ga_funding_adj   0.124890   0.003816  32.732  < 2e-16 ***
female           0.037167   0.030795   1.207 0.227491    
black            0.032116   0.051583   0.623 0.533560    
hispanic        -0.069901   0.047965  -1.457 0.145062    
asian            0.071754   0.056642   1.267 0.205266    
age_ba          -0.019483   0.012515  -1.557 0.119573    
firstgen        -0.101919   0.032094  -3.176 0.001501 ** 
parent_income_q  0.027856   0.015498   1.797 0.072311 .  
parent_grad      0.117576   0.035259   3.335 0.000858 ***
ugpa             0.266190   0.080085   3.324 0.000892 ***
stem_major      -0.060886   0.040805  -1.492 0.135706    
bus_major       -0.073017   0.047284  -1.544 0.122573    
ed_major         0.120530   0.054839   2.198 0.027985 *  
selective_inst   0.085998   0.033269   2.585 0.009756 ** 
public_ug        0.004344   0.032024   0.136 0.892111    
state_unemp     -0.015036   0.012615  -1.192 0.233329    
metro            0.076775   0.035548   2.160 0.030820 *  
Outcome equation:
                 Estimate Std. Error t value Pr(>|t|)    
(Intercept)     10.691515   0.371834  28.753  < 2e-16 ***
female          -0.146382   0.029429  -4.974 6.69e-07 ***
black           -0.043191   0.048828  -0.885 0.376423    
hispanic        -0.007184   0.046762  -0.154 0.877903    
asian            0.059886   0.053199   1.126 0.260333    
age_ba           0.035986   0.012011   2.996 0.002743 ** 
firstgen         0.026663   0.030933   0.862 0.388747    
parent_income_q  0.007004   0.014957   0.468 0.639604    
parent_grad     -0.053262   0.033395  -1.595 0.110770    
ugpa             0.050427   0.076922   0.656 0.512130    
stem_major       0.122234   0.036186   3.378 0.000734 ***
bus_major        0.341151   0.051266   6.655 3.03e-11 ***
ed_major        -0.173847   0.051439  -3.380 0.000729 ***
selective_inst   0.037303   0.031570   1.182 0.237397    
public_ug        0.048639   0.030624   1.588 0.112262    
state_unemp      0.020154   0.012116   1.664 0.096250 .  
metro            0.037192   0.034588   1.075 0.282281    
Multiple R-Squared:0.1007,	Adjusted R-Squared:0.0957
   Error terms:
              Estimate Std. Error t value Pr(>|t|)    
invMillsRatio -0.58289    0.04802  -12.14   <2e-16 ***
sigma          0.87565         NA      NA       NA    
rho           -0.66566         NA      NA       NA    
---
Signif. codes:  0 ‘***’ 0.001 ‘**’ 0.01 ‘*’ 0.05 ‘.’ 0.1 ‘ ’ 1
--------------------------------------------

Heckman ML: lambda = -0.3761  rho = -0.4626

* SECTION 6b: MTE by Graduate Program Area

--- Area-Specific MTE Functions ---
  other      -2.6567 + 20.6581*u + -33.4536*u^2 + 17.2490*u^3
  stem       -1.6747 + 13.6794*u + -19.0165*u^2 + 8.3628*u^3
  business   -3.3610 + 33.0108*u + -75.5044*u^2 + 56.5838*u^3
  education  -1.9143 + 13.8628*u + -17.7216*u^2 + 6.8322*u^3
  health     -2.7703 + 20.3998*u + -31.8070*u^2 + 15.9014*u^3

--- Area-Specific ATE (integral_0^1 MTE_a(u) du) ---
  ATE (stem.c0): 0.9169
  ATE (business.c0): 2.1222
  ATE (education.c0): 0.8179
  ATE (health.c0): 0.8026
  ATE (other.c0): 0.8334

--- Area-Specific ATT ---
  ATT (stem): 1.3341
  ATT (business): 1.1467
  ATT (education): 1.2902
  ATT (health): 1.2077
  ATT (other): 1.1623
  ATU (pooled): 0.5528

* SECTION 6c: Cluster Bootstrap (G=50 states, R=500)
Running bootstrap...
..................................................
Bootstrap complete: 500 of 500 reps successful

--- Wild Cluster Bootstrap: OLS ---
  [Fallback] Cluster-robust SE (OLS): 0.0523  p = 0.0000
--- Wild Cluster Bootstrap: IV ---
  [Fallback] Cluster-robust SE (IV): 0.0454  p = 0.0000

--- Bootstrap SEs: Pooled Parameters ---
  ATE = 0.8468  (Bootstrap SE = 0.0386)
  ATT = 1.2162  (Bootstrap SE = 0.0358)
  ATU = 0.5528  (Bootstrap SE = 0.1055)

--- Bootstrap SEs: Area-Specific ATE ---
  other      NA  (BS SE = 0.0405)  [NA, NA]
  stem       NA  (BS SE = 0.0820)  [NA, NA]
  business   NA  (BS SE = 0.9975)  [NA, NA]
  education  NA  (BS SE = 0.1250)  [NA, NA]
  health     NA  (BS SE = 0.0636)  [NA, NA]

* SECTION 7: Results Comparison
  Naive OLS:             0.9633 (SE = 0.0178  — likely biased)
  IV/LATE:               0.4031 (SE = 0.0489  — complier effect)
  MTE-based ATE (cubic): 0.8468 (BS SE = 0.0386)
  MTE-based ATT:         1.2162 (BS SE = 0.0358)
  MTE-based ATU:         0.5528 (BS SE = 0.1055)
  ATT > ATE > ATU: POSITIVE SELECTION on gains
OLS BIAS: 13.7% relative to MTE-based ATE

* SECTION 8: MTE Visualization

Estimated MTE by Propensity Score Decile:
# A tibble: 10 × 4
   p_decile mte_mean  mte_sd     n
      <int>    <dbl>   <dbl> <int>
 1        1   -1.01  0.381     800
 2        2   -0.152 0.181     800
 3        3    0.379 0.134     800
 4        4    0.774 0.0955    800
 5        5    1.08  0.0764    800
 6        6    1.30  0.0504    800
 7        7    1.43  0.0263    800
 8        8    1.48  0.00453   800
 9        9    1.44  0.0276    800
10       10    1.36  0.0388    800

* SECTION 9: Basic Policy Simulation (PRTE)
Current mean GA: $19.06k  Proposed (20% increase): $22.87k
Average increase in Pr(Master's): 0.1695
Approximate PRTE (20% GA increase): 0.2705

* SECTION 10: MPRTE — Scenarios 1-4
MPRTE (uniform $1k):   0.9784
PRTE  (discrete $1k):  0.9599
MPRTE (targeted low-income $2k): 0.9336
MPRTE (STEM enhancement $3k):    1.2367
MPRTE (education major $2.5k):   1.1615

* SECTION 10b: MPRTE by Graduate Program Area (Scenarios 5-8)
MPRTE (STEM grad pipeline, $2.5k):     1.2533
PRTE  (STEM grad pipeline, $2.5k):     1.2296
Mean phat for STEM undergrads:          0.5424
MPRTE (Business grad pipeline, $2.5k): 0.7849
PRTE  (Business grad pipeline, $2.5k): 0.7344
MPRTE (Education grad pipeline, $2.5k): 1.1188
PRTE  (Education grad pipeline, $2.5k): 1.0864
MPRTE (Health & Related pipeline, $2.5k): 0.9804
PRTE  (Health & Related pipeline, $2.5k): 0.9327

* SECTION 11: MPRTE by Policy Intensity
   ga_increase  p_margin mprte_approx
1          0.5 0.3878994     1.316915
2          1.0 0.3953994     1.336176
3          1.5 0.4028994     1.354051
4          2.0 0.4103994     1.370580
5          2.5 0.4178994     1.385799
6          3.0 0.4253994     1.399748
7          3.5 0.4328994     1.412465
8          4.0 0.4403994     1.423988
9          4.5 0.4478994     1.434355
10         5.0 0.4553994     1.443604
11         5.5 0.4628994     1.451775
12         6.0 0.4703994     1.458904
13         6.5 0.4778994     1.465031
14         7.0 0.4853994     1.470194
15         7.5 0.4928994     1.474431
16         8.0 0.5003994     1.477779
17         8.5 0.5078994     1.480279
18         9.0 0.5153994     1.481967
19         9.5 0.5228994     1.482882
20        10.0 0.5303994     1.483062

* SECTION 12: Comparing Treatment Effect Parameters
  Parameter Manual_cubic BS_SE_manual mtefe_quad BS_SE_mtefe
1       ATE    0.8468485   0.03856651  0.8468485  0.03856651
2       ATT    1.2161563   0.03581786  1.2161563  0.03581786
3       ATU    0.5528027   0.10553747  0.5528027  0.10553747
4 LATE (IV)    0.4031215   0.04894837  0.4031215  0.04894837

MPRTE Summary:
  Uniform policy:         0.9784
  Low-income targeted:    0.9336
  STEM ug pipeline:       1.2367
  Education ug pipeline:  1.1615
  STEM grad pipeline:     1.2533
  Business grad pipeline: 0.7849
  Education pipeline:     1.1188
  Health & Related:       0.9804

* SECTION 13: MPRTE Visualization

* SECTION 14: Policy Cost-Benefit Analysis
Present value factor (30 years, 3%): 19.60

--- Scenarios 1-4: Original MPRTE-based CBA ---
        Policy     MPRTE Base_salary Annual_gain PV_gain BC_ratio
1      Uniform 0.9783591       47000    78024.13 1529307 30.58615
2   Low-income 0.9335681       47000    72547.73 1421967 28.43935
3      STEM ug 1.2366780       47000   114875.19 2251604 45.03209
4 Education ug 1.1614747       47000   103148.12 2021749 40.43497

--- Scenarios 5-8: Graduate Program Area MPRTE-based CBA ---
           Pipeline     MPRTE Base_salary Annual_gain PV_gain BC_ratio
STEM           STEM 1.2533186       65000   162626.44 3187550 63.75100
Business   Business 0.7848524       60000    71525.00 1401921 28.03843
Education Education 1.1187792       42000    86566.83 1696748 33.93496
Health       Health 0.9804426       68000   113263.24 2220009 44.40019
Note: B/C > 1 suggests policy expansion is beneficial (synthetic data only).

* SECTION 15: Save Results
Saved: bb_mte_analysis.dta
wrote 2.15GB in  0s, 2.15GB/s                                                                                                                                    Saved: mte_summary_by_field.csv
wrote 2.15GB in  0s, 2.15GB/s                                                                                                                                    Saved: mte_summary_by_program_area.csv

 ================================================== 
ANALYSIS COMPLETE
================================================== 
  1.  Treatment rate:                  0.384
  2.  OLS estimate (biased):           0.9633
  3.  IV/LATE estimate:                0.4031
  4.  MTE-based ATE (cubic):           0.8468  (BS SE = 0.0386)
  5.  MTE-based ATT:                   1.2162  (BS SE = 0.0358)
  6.  MTE-based ATU:                   0.5528  (BS SE = 0.1055)
  7.  First-stage F:                   1297.2

AREA-SPECIFIC ATE:
  ATE (other): NA  (BS SE = 0.0405)
  ATE (stem): NA  (BS SE = 0.0820)
  ATE (business): NA  (BS SE = 0.9975)
  ATE (education): NA  (BS SE = 0.1250)
  ATE (health): NA  (BS SE = 0.0636)

MPRTE SUMMARY — Original Scenarios:
  Uniform policy:       0.9784
  Low-income targeted:  0.9336
  STEM ug pipeline:     1.2367
  Education ug pipeline:1.1615

MPRTE SUMMARY — Graduate Program Area Pipelines:
  STEM grad pipeline:     1.2533
  Business grad pipeline: 0.7849
  Education pipeline:     1.1188
  Health & Related:       0.9804

Bootstrap: G=50 state clusters, R=500 reps, seed(20260101)
Files saved: bb_mte_analysis.dta, mte_summary_by_field.csv,
             mte_summary_by_program_area.csv

IMPORTANT NOTE: Synthetic data — results illustrate methods only.
================================================== 
END OF CHAPTER 10 R SCRIPT
================================================== 
