MTE_MPRTE.R log opened: 2026-06-28 20:05:37 
Log file: C:/Users/marvi/Dropbox/Book/2nd Edition/Chapter 11/Output/logs/MTE_MPRTE_R_output.log 

==============================================
LOADING SYNTHETIC B&B DATASET
==============================================
Attempting to download Example_7_5_3_updated.dta from GitHub...
Download failed -- will try local file or base version.
Note: Example_7_5_3_updated.dta not found.
Attempting to download Example_7_5_3.dta from GitHub (ch7 repository)...
Loading Example_7_5_3.dta; ma_* will be generated in Section 1b.

Variables: 39  Observations: 8000 
tibble [8,000 × 39] (S3: tbl_df/tbl/data.frame)
 $ id              : num [1:8000] 2840 5761 7016 6980 4634 ...
  ..- attr(*, "format.stata")= chr "%9.0g"
 $ female          : num [1:8000] 1 0 0 1 1 1 1 0 0 1 ...
  ..- attr(*, "label")= chr "Female (1=Yes)"
  ..- attr(*, "format.stata")= chr "%9.0g"
 $ white           : num [1:8000] 0 0 1 1 1 0 1 1 1 0 ...
  ..- attr(*, "format.stata")= chr "%8.0g"
 $ black           : num [1:8000] 0 0 0 0 0 0 0 0 0 0 ...
  ..- attr(*, "format.stata")= chr "%8.0g"
 $ hispanic        : num [1:8000] 0 1 0 0 0 1 0 0 0 1 ...
  ..- attr(*, "format.stata")= chr "%8.0g"
 $ asian           : num [1:8000] 0 0 0 0 0 0 0 0 0 0 ...
  ..- attr(*, "format.stata")= chr "%8.0g"
 $ other_race      : num [1:8000] 1 0 0 0 0 0 0 0 0 0 ...
  ..- attr(*, "format.stata")= chr "%8.0g"
 $ age_ba          : num [1:8000] 23 24 24 25 22 22 24 24 25 23 ...
  ..- attr(*, "format.stata")= chr "%9.0g"
 $ firstgen        : num [1:8000] 0 0 0 0 0 0 0 0 0 1 ...
  ..- attr(*, "format.stata")= chr "%9.0g"
 $ parent_income_q : num [1:8000] 3 4 3 4 2 3 3 2 4 3 ...
  ..- attr(*, "format.stata")= chr "%9.0g"
 $ parent_grad     : num [1:8000] 1 0 1 0 0 0 0 0 0 0 ...
  ..- attr(*, "format.stata")= chr "%9.0g"
 $ ugpa            : num [1:8000] 2.97 2.81 2.94 2.75 2.92 ...
  ..- attr(*, "format.stata")= chr "%9.0g"
 $ stem_major      : num [1:8000] 0 0 0 0 0 1 0 0 0 0 ...
  ..- attr(*, "format.stata")= chr "%9.0g"
 $ bus_major       : num [1:8000] 0 0 0 0 0 0 0 0 0 1 ...
  ..- attr(*, "format.stata")= chr "%9.0g"
 $ ed_major        : num [1:8000] 0 0 0 0 0 0 0 0 0 0 ...
  ..- attr(*, "format.stata")= chr "%9.0g"
 $ socsci_major    : num [1:8000] 1 1 1 1 1 0 1 1 1 0 ...
  ..- attr(*, "format.stata")= chr "%9.0g"
 $ selective_inst  : num [1:8000] 0 1 0 0 1 0 0 0 0 0 ...
  ..- attr(*, "format.stata")= chr "%9.0g"
 $ public_ug       : num [1:8000] 1 1 1 1 1 1 0 1 1 0 ...
  ..- attr(*, "format.stata")= chr "%9.0g"
 $ state_unemp     : num [1:8000] 5.92 7.23 8.98 5.15 4.87 ...
  ..- attr(*, "format.stata")= chr "%9.0g"
 $ metro           : num [1:8000] 1 1 1 1 1 1 1 1 1 1 ...
  ..- attr(*, "format.stata")= chr "%9.0g"
 $ state           : num [1:8000] 1 1 1 1 1 1 1 1 1 1 ...
  ..- attr(*, "format.stata")= chr "%9.0g"
 $ ga_funding      : num [1:8000] 15.8 15.8 16.5 14.8 17.5 ...
  ..- attr(*, "format.stata")= chr "%9.0g"
 $ ga_funding_adj  : num [1:8000] 15.8 15.8 16.5 14.8 17.5 ...
  ..- attr(*, "label")= chr "State GA Funding (field-adjusted, $1000s)"
  ..- attr(*, "format.stata")= chr "%9.0g"
 $ eta_ability     : num [1:8000] -0.965 -2.309 -1.922 0.232 -0.167 ...
  ..- attr(*, "format.stata")= chr "%9.0g"
 $ eta_taste       : num [1:8000] -0.807 -2.086 -0.708 0.58 -0.135 ...
  ..- attr(*, "format.stata")= chr "%9.0g"
 $ eta_prod        : num [1:8000] -1.1185 -2.3929 -1.676 0.0936 -0.2528 ...
  ..- attr(*, "format.stata")= chr "%9.0g"
 $ ga_dev          : num [1:8000] -2.24 -2.172 -1.525 -3.163 -0.524 ...
  ..- attr(*, "format.stata")= chr "%9.0g"
 $ z_masters       : num [1:8000] -1.339 -2.17 -1.411 -1.527 -0.709 ...
  ..- attr(*, "format.stata")= chr "%9.0g"
 $ p_masters       : num [1:8000] 0.0902 0.015 0.0792 0.0634 0.2391 ...
  ..- attr(*, "label")= chr "Propensity Score (true)"
  ..- attr(*, "format.stata")= chr "%9.0g"
 $ u_d             : num [1:8000] 0.963 0.392 0.762 0.75 0.24 ...
  ..- attr(*, "format.stata")= chr "%9.0g"
 $ masters         : num [1:8000] 0 0 0 0 0 1 1 1 0 0 ...
  ..- attr(*, "label")= chr "Completed Master's Degree (1=Yes)"
  ..- attr(*, "format.stata")= chr "%9.0g"
 $ ln_salary_0     : num [1:8000] 9.73 8.79 9.5 10.55 10.41 ...
  ..- attr(*, "label")= chr "Potential log salary without master's"
  ..- attr(*, "format.stata")= chr "%9.0g"
 $ te_masters      : num [1:8000] 0.1105 -0.1016 -0.0548 0.3285 0.2704 ...
  ..- attr(*, "label")= chr "True Individual Treatment Effect"
  ..- attr(*, "format.stata")= chr "%9.0g"
 $ ln_salary_1     : num [1:8000] 9.84 8.69 9.45 10.88 10.68 ...
  ..- attr(*, "format.stata")= chr "%9.0g"
 $ ln_salary       : num [1:8000] 9.73 8.79 9.5 10.55 10.41 ...
  ..- attr(*, "label")= chr "Log Annual Salary"
  ..- attr(*, "format.stata")= chr "%9.0g"
 $ salary          : num [1:8000] 16866 6574 13423 38337 33125 ...
  ..- attr(*, "label")= chr "Annual Salary ($)"
  ..- attr(*, "format.stata")= chr "%9.0g"
 $ _est_ols_model  : num [1:8000] 1 1 1 1 1 1 1 1 1 1 ...
  ..- attr(*, "label")= chr "esample() from estimates store"
  ..- attr(*, "format.stata")= chr "%8.0g"
 $ _est_first_stage: num [1:8000] 1 1 1 1 1 1 1 1 1 1 ...
  ..- attr(*, "label")= chr "esample() from estimates store"
  ..- attr(*, "format.stata")= chr "%8.0g"
 $ _est_iv_model   : num [1:8000] 1 1 1 1 1 1 1 1 1 1 ...
  ..- attr(*, "label")= chr "esample() from estimates store"
  ..- attr(*, "format.stata")= chr "%8.0g"
NULL

Sample size: 8000 

==============================================
MASTER'S PROGRAM AREA INDICATORS
==============================================
Generating ma_* variables from undergraduate major fields...
ma_* variables generated successfully.
ma_* variables confirmed present in dataset.

--- Program Area Distribution (Treated Only) ---
Total treated: 3068 
  ma_stem: 621  ( 20.2%)
  ma_business: 194  (  6.3%)
  ma_education: 223  (  7.3%)
  ma_health: 755  ( 24.6%)
  ma_other: 1275  ( 41.6%)
CHECK PASSED: all treated obs have exactly 1 program area
CHECK PASSED: all untreated obs have zero program area

==============================================
SUMMARY STATISTICS
==============================================

   0    1 
4932 3068 
Treatment rate: 0.384
   ln_salary          salary           masters       ga_funding_adj 
 Min.   : 7.939   Min.   :   2805   Min.   :0.0000   Min.   : 7.20  
 1st Qu.:10.184   1st Qu.:  26464   1st Qu.:0.0000   1st Qu.:15.53  
 Median :10.741   Median :  46207   Median :0.0000   Median :18.75  
 Mean   :10.787   Mean   :  71945   Mean   :0.3835   Mean   :19.06  
 3rd Qu.:11.352   3rd Qu.:  85139   3rd Qu.:1.0000   3rd Qu.:22.11  
 Max.   :14.093   Max.   :1319387   Max.   :1.0000   Max.   :37.81  
# A tibble: 2 × 10
  masters salary_mean salary_sd salary_min salary_max ln_salary_mean ln_salary_sd ln_salary_min ln_salary_max     n
    <dbl>       <dbl>     <dbl>      <dbl>      <dbl>          <dbl>        <dbl>         <dbl>         <dbl> <int>
1       0      43243.    39391.      2805.    614485            10.4        0.692          7.94          13.3  4932
2       1     118084.   107232.      3196.   1319387.           11.4        0.786          8.07          14.1  3068

GA funding (detail):
      1%       5%      10%      25%      50%      75%      90%      95%      99% 
 9.23698 11.52847 12.91719 15.53227 18.75497 22.10730 25.63205 27.98216 32.07041 
Mean: 19.05909  SD: 4.93975
     female           black            hispanic          asian             age_ba        firstgen      parent_income_q
 Min.   :0.0000   Min.   :0.00000   Min.   :0.0000   Min.   :0.00000   Min.   :22.0   Min.   :0.0000   Min.   :1.000  
 1st Qu.:0.0000   1st Qu.:0.00000   1st Qu.:0.0000   1st Qu.:0.00000   1st Qu.:23.0   1st Qu.:0.0000   1st Qu.:3.000  
 Median :1.0000   Median :0.00000   Median :0.0000   Median :0.00000   Median :23.0   Median :0.0000   Median :3.000  
 Mean   :0.5661   Mean   :0.09938   Mean   :0.1192   Mean   :0.07963   Mean   :23.5   Mean   :0.3529   Mean   :3.192  
 3rd Qu.:1.0000   3rd Qu.:0.00000   3rd Qu.:0.0000   3rd Qu.:0.00000   3rd Qu.:24.0   3rd Qu.:1.0000   3rd Qu.:4.000  
 Max.   :1.0000   Max.   :1.00000   Max.   :1.0000   Max.   :1.00000   Max.   :29.0   Max.   :1.0000   Max.   :5.000  
  parent_grad          ugpa         stem_major       bus_major         ed_major       selective_inst     public_ug     
 Min.   :0.0000   Min.   :2.131   Min.   :0.0000   Min.   :0.0000   Min.   :0.00000   Min.   :0.0000   Min.   :0.0000  
 1st Qu.:0.0000   1st Qu.:2.622   1st Qu.:0.0000   1st Qu.:0.0000   1st Qu.:0.00000   1st Qu.:0.0000   1st Qu.:0.0000  
 Median :0.0000   Median :2.766   Median :0.0000   Median :0.0000   Median :0.00000   Median :0.0000   Median :1.0000  
 Mean   :0.2429   Mean   :2.753   Mean   :0.2454   Mean   :0.1495   Mean   :0.08712   Mean   :0.2938   Mean   :0.6534  
 3rd Qu.:0.0000   3rd Qu.:2.897   3rd Qu.:0.0000   3rd Qu.:0.0000   3rd Qu.:0.00000   3rd Qu.:1.0000   3rd Qu.:1.0000  
 Max.   :1.0000   Max.   :3.178   Max.   :1.0000   Max.   :1.0000   Max.   :1.00000   Max.   :1.0000   Max.   :1.0000  
  state_unemp        metro       
 Min.   :4.036   Min.   :0.0000  
 1st Qu.:5.476   1st Qu.:1.0000  
 Median :6.354   Median :1.0000  
 Mean   :6.430   Mean   :0.7536  
 3rd Qu.:7.302   3rd Qu.:1.0000  
 Max.   :9.803   Max.   :1.0000  

--- Program Area by Undergraduate Major (Treated Only) ---
  STEM undergrads:
# A tibble: 1 × 6
  ma_stem ma_health ma_business ma_education ma_other     n
    <dbl>     <dbl>       <dbl>        <dbl>    <dbl> <int>
1   0.578     0.193           0            0    0.229  1075
  Business undergrads:
# A tibble: 1 × 6
  ma_stem ma_health ma_business ma_education ma_other     n
    <dbl>     <dbl>       <dbl>        <dbl>    <dbl> <int>
1       0         0       0.664            0    0.336   292
  Education undergrads:
# A tibble: 1 × 6
  ma_stem ma_health ma_business ma_education ma_other     n
    <dbl>     <dbl>       <dbl>        <dbl>    <dbl> <int>
1       0         0           0        0.708    0.292   315
  Social sci / other undergrads:
# A tibble: 1 × 6
  ma_stem ma_health ma_business ma_education ma_other     n
    <dbl>     <dbl>       <dbl>        <dbl>    <dbl> <int>
1       0     0.395           0            0    0.605  1386

--- Mean Log Salary by Program Area (Treated Only) ---
# A tibble: 2 × 4
  ma_stem ln_salary_mean salary_mean     n
    <dbl>          <dbl>       <dbl> <int>
1       0           10.7      67028.  7379
2       1           11.5     130367.   621
  ma_business: mean ln_salary = 11.5532  (N = 194)
  ma_education: mean ln_salary = 11.1960  (N = 223)
  ma_health: mean ln_salary = 11.3521  (N = 755)
  ma_other: mean ln_salary = 11.3231  (N = 1275)

==============================================
INSTRUMENT RELEVANCE CHECK
==============================================

t test of coefficients:

                  Estimate Std. Error t value  Pr(>|t|)    
(Intercept)     -0.5219295  0.1232042 -4.2363 2.298e-05 ***
ga_funding_adj   0.0418541  0.0011621 36.0162 < 2.2e-16 ***
female           0.0129289  0.0099002  1.3059  0.191617    
black            0.0099792  0.0165914  0.6015  0.547547    
hispanic        -0.0244621  0.0155159 -1.5766  0.114931    
asian            0.0230388  0.0185428  1.2425  0.214101    
age_ba          -0.0062311  0.0039932 -1.5604  0.118699    
firstgen        -0.0316458  0.0101899 -3.1056  0.001906 ** 
parent_income_q  0.0090282  0.0049468  1.8251  0.068028 .  
parent_grad      0.0377754  0.0116942  3.2303  0.001242 ** 
ugpa             0.0818090  0.0254026  3.2205  0.001285 ** 
stem_major      -0.0140489  0.0144665 -0.9711  0.331511    
bus_major       -0.0184708  0.0133387 -1.3848  0.166168    
ed_major         0.0428912  0.0187102  2.2924  0.021909 *  
selective_inst   0.0299812  0.0109865  2.7289  0.006368 ** 
public_ug        0.0029915  0.0103484  0.2891  0.772530    
state_unemp     -0.0051026  0.0040933 -1.2466  0.212590    
metro            0.0257157  0.0113854  2.2587  0.023932 *  
---
Signif. codes:  0 ‘***’ 0.001 ‘**’ 0.01 ‘*’ 0.05 ‘.’ 0.1 ‘ ’ 1


Linear hypothesis test:
ga_funding_adj = 0

Model 1: restricted model
Model 2: masters ~ ga_funding_adj + female + black + hispanic + asian + 
    age_ba + firstgen + parent_income_q + parent_grad + ugpa + 
    stem_major + bus_major + ed_major + selective_inst + public_ug + 
    state_unemp + metro

Note: Coefficient covariance matrix supplied.

  Res.Df Df      F    Pr(>F)    
1   7983                        
2   7982  1 1297.2 < 2.2e-16 ***
---
Signif. codes:  0 ‘***’ 0.001 ‘**’ 0.01 ‘*’ 0.05 ‘.’ 0.1 ‘ ’ 1

First-stage F: 1297.16
RESULT: Strong instrument (F > 10)

==============================================
NAIVE OLS ESTIMATION
==============================================

t test of coefficients:

                  Estimate Std. Error t value  Pr(>|t|)    
(Intercept)      9.3791865  0.1966055 47.7056 < 2.2e-16 ***
masters          0.9632808  0.0177649 54.2238 < 2.2e-16 ***
female          -0.0749180  0.0162185 -4.6193 3.911e-06 ***
black           -0.0617010  0.0263427 -2.3422 0.0191927 *  
hispanic        -0.0660347  0.0248790 -2.6542 0.0079647 ** 
asian            0.0605121  0.0301860  2.0046 0.0450352 *  
age_ba           0.0244264  0.0064920  3.7625 0.0001694 ***
firstgen        -0.0107291  0.0166070 -0.6461 0.5182620    
parent_income_q  0.0172929  0.0081465  2.1227 0.0338058 *  
parent_grad      0.0041089  0.0191254  0.2148 0.8298974    
ugpa             0.0994629  0.0420884  2.3632 0.0181421 *  
stem_major       0.1238623  0.0193876  6.3887 1.766e-10 ***
bus_major        0.2513828  0.0246315 10.2058 < 2.2e-16 ***
ed_major        -0.1813934  0.0299609 -6.0543 1.474e-09 ***
selective_inst   0.0502763  0.0176210  2.8532 0.0043394 ** 
public_ug        0.0204098  0.0167997  1.2149 0.2244437    
state_unemp      0.0065202  0.0065703  0.9924 0.3210426    
metro            0.0900685  0.0184398  4.8845 1.057e-06 ***
---
Signif. codes:  0 ‘***’ 0.001 ‘**’ 0.01 ‘*’ 0.05 ‘.’ 0.1 ‘ ’ 1

OLS estimate: 0.9633 (SE = 0.0178)

==============================================
IV/2SLS ESTIMATION (LATE)
==============================================

Call:
ivreg(formula = iv_formula, data = df)

Residuals:
     Min       1Q   Median       3Q      Max 
-2.88625 -0.50506 -0.03044  0.48302  2.88024 

Coefficients:
                 Estimate Std. Error t value Pr(>|t|)    
(Intercept)      9.532160   0.213718  44.602  < 2e-16 ***
masters          0.403122   0.048123   8.377  < 2e-16 ***
female          -0.070688   0.017247  -4.099 4.20e-05 ***
black           -0.055728   0.028994  -1.922 0.054630 .  
hispanic        -0.079196   0.026799  -2.955 0.003134 ** 
asian            0.070076   0.031986   2.191 0.028493 *  
age_ba           0.020428   0.006998   2.919 0.003518 ** 
firstgen        -0.027789   0.017957  -1.548 0.121770    
parent_income_q  0.023362   0.008677   2.692 0.007108 ** 
parent_grad      0.028260   0.020041   1.410 0.158557    
ugpa             0.136627   0.044745   3.053 0.002270 ** 
stem_major       0.242616   0.023323  10.402  < 2e-16 ***
bus_major        0.200633   0.025478   7.875 3.86e-15 ***
ed_major        -0.115285   0.031815  -3.624 0.000292 ***
selective_inst   0.070986   0.018854   3.765 0.000168 ***
public_ug        0.022351   0.017964   1.244 0.213459    
state_unemp      0.004251   0.007081   0.600 0.548273    
metro            0.106012   0.019887   5.331 1.00e-07 ***

Diagnostic tests:
                  df1  df2 statistic p-value    
Weak instruments    1 7982    1308.4  <2e-16 ***
Wu-Hausman          1 7981     183.4  <2e-16 ***
Sargan              0   NA        NA      NA    
---
Signif. codes:  0 ‘***’ 0.001 ‘**’ 0.01 ‘*’ 0.05 ‘.’ 0.1 ‘ ’ 1

Residual standard error: 0.7642 on 7982 degrees of freedom
Multiple R-Squared: 0.2245,	Adjusted R-squared: 0.2228 
Wald test: 29.26 on 17 and 7982 DF,  p-value: < 2.2e-16 


IV/LATE estimate: 0.4031 (SE = 0.0489)

==============================================
MTE ESTIMATION -- POOLED POLYNOMIAL
==============================================

Call:
glm(formula = probit_formula, family = binomial(link = "probit"), 
    data = df)

Coefficients:
                 Estimate Std. Error z value Pr(>|z|)    
(Intercept)     -3.082061   0.389548  -7.912 2.54e-15 ***
ga_funding_adj   0.124890   0.003901  32.012  < 2e-16 ***
female           0.037167   0.030774   1.208 0.227143    
black            0.032116   0.051410   0.625 0.532171    
hispanic        -0.069901   0.048150  -1.452 0.146573    
asian            0.071754   0.056585   1.268 0.204772    
age_ba          -0.019483   0.012502  -1.558 0.119134    
firstgen        -0.101919   0.032043  -3.181 0.001469 ** 
parent_income_q  0.027856   0.015477   1.800 0.071884 .  
parent_grad      0.117576   0.035317   3.329 0.000871 ***
ugpa             0.266189   0.079940   3.330 0.000869 ***
stem_major      -0.060886   0.040997  -1.485 0.137508    
bus_major       -0.073016   0.046922  -1.556 0.119682    
ed_major         0.120530   0.054733   2.202 0.027654 *  
selective_inst   0.085999   0.033340   2.579 0.009895 ** 
public_ug        0.004344   0.032014   0.136 0.892068    
state_unemp     -0.015036   0.012626  -1.191 0.233704    
metro            0.076775   0.035576   2.158 0.030924 *  
---
Signif. codes:  0 ‘***’ 0.001 ‘**’ 0.01 ‘*’ 0.05 ‘.’ 0.1 ‘ ’ 1

(Dispersion parameter for binomial family taken to be 1)

    Null deviance: 10652.0  on 7999  degrees of freedom
Residual deviance:  9043.2  on 7982  degrees of freedom
AIC: 9079.2

Number of Fisher Scoring iterations: 4

GA funding probit coefficient: 0.12489

--- Quadratic MTE ---

t test of coefficients:

                  Estimate Std. Error  t value  Pr(>|t|)    
(Intercept)      9.9368268  0.1852054  53.6530 < 2.2e-16 ***
masters         -1.1709774  0.1035411 -11.3093 < 2.2e-16 ***
female          -0.0701947  0.0150674  -4.6587 3.234e-06 ***
black           -0.0585139  0.0242028  -2.4177  0.015643 *  
hispanic        -0.0611829  0.0232339  -2.6333  0.008471 ** 
asian            0.0719999  0.0282569   2.5480  0.010851 *  
age_ba           0.0191590  0.0060152   3.1851  0.001453 ** 
firstgen        -0.0406077  0.0155677  -2.6085  0.009112 ** 
parent_income_q  0.0249381  0.0075959   3.2831  0.001031 ** 
parent_grad      0.0417850  0.0175825   2.3765  0.017500 *  
ugpa             0.1577335  0.0390965   4.0345 5.524e-05 ***
stem_major       0.2495849  0.0196685  12.6896 < 2.2e-16 ***
bus_major        0.1787530  0.0236156   7.5693 4.173e-14 ***
ed_major        -0.1188510  0.0279178  -4.2572 2.094e-05 ***
selective_inst   0.0743079  0.0164729   4.5109 6.547e-06 ***
public_ug        0.0143474  0.0155821   0.9208  0.357201    
state_unemp      0.0053099  0.0061334   0.8657  0.386661    
metro            0.0971686  0.0172515   5.6325 1.837e-08 ***
phat            -2.6859469  0.1620386 -16.5760 < 2.2e-16 ***
phat2            1.4914337  0.1811397   8.2336 < 2.2e-16 ***
masters:phat     8.7005152  0.4090948  21.2677 < 2.2e-16 ***
masters:phat2   -6.8760363  0.3851708 -17.8519 < 2.2e-16 ***
---
Signif. codes:  0 ‘***’ 0.001 ‘**’ 0.01 ‘*’ 0.05 ‘.’ 0.1 ‘ ’ 1

Quadratic MTE(u) = -1.1710 + 8.7005*u + -6.8760*u^2
ATE (quadratic): 0.8873

--- Cubic MTE ---

t test of coefficients:

                   Estimate  Std. Error  t value  Pr(>|t|)    
(Intercept)       9.7825166   0.1851512  52.8353 < 2.2e-16 ***
masters          -2.5024256   0.1254307 -19.9507 < 2.2e-16 ***
female           -0.0749586   0.0147549  -5.0803 3.855e-07 ***
black            -0.0537425   0.0236402  -2.2734 0.0230313 *  
hispanic         -0.0520360   0.0227593  -2.2864 0.0222590 *  
asian             0.0726783   0.0275163   2.6413 0.0082753 ** 
age_ba            0.0185679   0.0058740   3.1610 0.0015780 ** 
firstgen         -0.0372647   0.0152337  -2.4462 0.0144583 *  
parent_income_q   0.0246106   0.0074241   3.3150 0.0009206 ***
parent_grad       0.0459502   0.0171916   2.6728 0.0075368 ** 
ugpa              0.1547905   0.0382983   4.0417 5.356e-05 ***
stem_major        0.2424772   0.0193462  12.5336 < 2.2e-16 ***
bus_major         0.1695813   0.0230008   7.3728 1.838e-13 ***
ed_major         -0.1029813   0.0277601  -3.7097 0.0002089 ***
selective_inst    0.0735999   0.0161529   4.5565 5.280e-06 ***
public_ug         0.0125507   0.0152603   0.8224 0.4108482    
state_unemp       0.0053171   0.0060226   0.8829 0.3773372    
metro             0.0986982   0.0168333   5.8633 4.719e-09 ***
phat             -0.7213721   0.4272251  -1.6885 0.0913533 .  
phat2            -4.0163816   1.0566888  -3.8009 0.0001452 ***
phat3             4.2288693   0.7585517   5.5749 2.557e-08 ***
masters:phat     19.3055321   0.8804219  21.9276 < 2.2e-16 ***
masters:phat2   -30.2516611   1.9717673 -15.3424 < 2.2e-16 ***
masters:phat3    15.1215803   1.3446113  11.2461 < 2.2e-16 ***
---
Signif. codes:  0 ‘***’ 0.001 ‘**’ 0.01 ‘*’ 0.05 ‘.’ 0.1 ‘ ’ 1

Cubic MTE(u) = -2.5024 + 19.3055*u + -30.2517*u^2 + 15.1216*u^3
Estimated ATE (cubic): 0.8468
Estimated ATT: 1.2162
Estimated ATU: 0.5528

--- mtefe Package Estimation: NOT REPLICATED IN R ---

--- Heckman Selection Model ---

Call:
lm(formula = heck2_outcome_formula, data = df[df$masters == 1, 
    ])

Residuals:
     Min       1Q   Median       3Q      Max 
-2.84225 -0.51160 -0.03137  0.47284  2.43611 

Coefficients:
                 Estimate Std. Error t value Pr(>|t|)    
(Intercept)     10.691514   0.345416  30.953  < 2e-16 ***
female          -0.146382   0.027303  -5.361 8.87e-08 ***
black           -0.043191   0.045216  -0.955 0.339548    
hispanic        -0.007184   0.043539  -0.165 0.868956    
asian            0.059886   0.049194   1.217 0.223567    
age_ba           0.035986   0.011150   3.228 0.001262 ** 
firstgen         0.026663   0.028734   0.928 0.353534    
parent_income_q  0.007004   0.013897   0.504 0.614308    
parent_grad     -0.053262   0.030906  -1.723 0.084924 .  
ugpa             0.050427   0.071407   0.706 0.480127    
stem_major       0.122234   0.033356   3.664 0.000252 ***
bus_major        0.341151   0.048762   6.996 3.22e-12 ***
ed_major        -0.173847   0.047517  -3.659 0.000258 ***
selective_inst   0.037303   0.029231   1.276 0.202004    
public_ug        0.048639   0.028415   1.712 0.087043 .  
state_unemp      0.020154   0.011250   1.792 0.073309 .  
metro            0.037192   0.032184   1.156 0.247929    
.mills          -0.582888   0.045561 -12.794  < 2e-16 ***
---
Signif. codes:  0 ‘***’ 0.001 ‘**’ 0.01 ‘*’ 0.05 ‘.’ 0.1 ‘ ’ 1

Residual standard error: 0.7473 on 3050 degrees of freedom
Multiple R-squared:  0.1007,	Adjusted R-squared:  0.09571 
F-statistic: 20.09 on 17 and 3050 DF,  p-value: < 2.2e-16

Heckman two-step: lambda = -0.5829  rho = -0.7800  sigma = 0.7473

--- Heckman ML (full information) ---
G3;Loading required package: maxLik
gG3;Loading required package: miscTools
gG3;
Please cite the 'maxLik' package as:
Henningsen, Arne and Toomet, Ott (2011). maxLik: A package for maximum likelihood estimation in R. Computational Statistics 26(3), 443-458. DOI 10.1007/s00180-010-0217-1.

If you have questions, suggestions, or comments regarding the 'maxLik' package, please use a forum or 'tracker' at maxLik's R-Forge site:
https://r-forge.r-project.org/projects/maxlik/
g--------------------------------------------
Tobit 2 model (sample selection model)
Maximum Likelihood estimation
Newton-Raphson maximisation, 5 iterations
Return code 8: successive function values within relative tolerance limit (reltol)
Log-Likelihood: -8000.115 
8000 observations (4932 censored and 3068 observed)
37 free parameters (df = 7963)
Probit selection equation:
                 Estimate Std. Error t value Pr(>|t|)    
(Intercept)     -3.159245   0.390089  -8.099 6.38e-16 ***
ga_funding_adj   0.129420   0.003814  33.934  < 2e-16 ***
female           0.036832   0.030813   1.195  0.23199    
black            0.029508   0.051590   0.572  0.56736    
hispanic        -0.074716   0.047974  -1.557  0.11941    
asian            0.073590   0.056672   1.299  0.19414    
age_ba          -0.019377   0.012518  -1.548  0.12167    
firstgen        -0.102703   0.032116  -3.198  0.00139 ** 
parent_income_q  0.027451   0.015516   1.769  0.07690 .  
parent_grad      0.111051   0.035255   3.150  0.00164 ** 
ugpa             0.263000   0.080219   3.279  0.00105 ** 
stem_major      -0.074669   0.040511  -1.843  0.06534 .  
bus_major       -0.066893   0.047335  -1.413  0.15764    
ed_major         0.121559   0.054867   2.216  0.02675 *  
selective_inst   0.082700   0.033280   2.485  0.01298 *  
public_ug        0.004883   0.032034   0.152  0.87885    
state_unemp     -0.014764   0.012599  -1.172  0.24129    
metro            0.075618   0.035570   2.126  0.03354 *  
Outcome equation:
                 Estimate Std. Error t value Pr(>|t|)    
(Intercept)     10.469969   0.359916  29.090  < 2e-16 ***
female          -0.143277   0.028578  -5.014 5.46e-07 ***
black           -0.041399   0.047370  -0.874  0.38216    
hispanic        -0.018560   0.045467  -0.408  0.68313    
asian            0.064542   0.051567   1.252  0.21075    
age_ba           0.033684   0.011663   2.888  0.00389 ** 
firstgen         0.018849   0.030037   0.628  0.53033    
parent_income_q  0.009345   0.014534   0.643  0.52024    
parent_grad     -0.045308   0.032369  -1.400  0.16164    
ugpa             0.073814   0.074669   0.989  0.32291    
stem_major       0.186268   0.033693   5.528 3.33e-08 ***
bus_major        0.306065   0.050219   6.095 1.15e-09 ***
ed_major        -0.133566   0.049465  -2.700  0.00694 ** 
selective_inst   0.043178   0.030612   1.410  0.15844    
public_ug        0.052418   0.029736   1.763  0.07798 .  
state_unemp      0.018983   0.011768   1.613  0.10678    
metro            0.048658   0.033602   1.448  0.14764    
   Error terms:
      Estimate Std. Error t value Pr(>|t|)    
sigma  0.81304    0.01447   56.19   <2e-16 ***
rho   -0.46259    0.03814  -12.13   <2e-16 ***
---
Signif. codes:  0 ‘***’ 0.001 ‘**’ 0.01 ‘*’ 0.05 ‘.’ 0.1 ‘ ’ 1
--------------------------------------------
Heckman ML: lambda = -0.3761  rho = -0.4626  LR chi2 = 4075.62 (p = 0.0000)

==============================================
MTE BY GRADUATE PROGRAM AREA
==============================================

t test of coefficients:

                              Estimate  Std. Error  t value  Pr(>|t|)    
(Intercept)                  9.8262190   0.1853940  53.0018 < 2.2e-16 ***
masters                     -2.6566776   0.1654271 -16.0595 < 2.2e-16 ***
female                      -0.0773421   0.0147286  -5.2512 1.551e-07 ***
black                       -0.0541980   0.0236226  -2.2943 0.0217972 *  
hispanic                    -0.0563628   0.0226557  -2.4878 0.0128739 *  
asian                        0.0686608   0.0275524   2.4920 0.0127227 *  
age_ba                       0.0176563   0.0058759   3.0049 0.0026653 ** 
firstgen                    -0.0406858   0.0152244  -2.6724 0.0075461 ** 
parent_income_q              0.0241966   0.0074089   3.2659 0.0010959 ** 
parent_grad                  0.0482432   0.0171852   2.8073 0.0050087 ** 
ugpa                         0.1552972   0.0382911   4.0557 5.046e-05 ***
stem_major                   0.2370674   0.0215262  11.0129 < 2.2e-16 ***
bus_major                    0.1389881   0.0245967   5.6507 1.653e-08 ***
ed_major                    -0.0981828   0.0319979  -3.0684 0.0021592 ** 
selective_inst               0.0748380   0.0161461   4.6350 3.626e-06 ***
public_ug                    0.0124664   0.0152542   0.8172 0.4138162    
state_unemp                  0.0046641   0.0060204   0.7747 0.4385311    
metro                        0.1000794   0.0167827   5.9632 2.578e-09 ***
phat                        -0.7831103   0.4272341  -1.8330 0.0668434 .  
phat2                       -3.9268927   1.0565100  -3.7169 0.0002031 ***
phat3                        4.1865557   0.7586547   5.5184 3.529e-08 ***
masters:phat                20.6581311   1.2146387  17.0076 < 2.2e-16 ***
masters:phat2              -33.4536076   2.8064513 -11.9203 < 2.2e-16 ***
masters:phat3               17.2490143   1.9518418   8.8373 < 2.2e-16 ***
masters:ma_stem              0.9819860   0.3923847   2.5026 0.0123480 *  
masters:ma_business         -0.7043538   0.4448106  -1.5835 0.1133492    
masters:ma_education         0.7423488   0.6679311   1.1114 0.2664233    
masters:ma_health           -0.1136056   0.3274866  -0.3469 0.7286745    
masters:phat:ma_stem        -6.9786979   2.4154619  -2.8892 0.0038729 ** 
masters:phat:ma_business    12.3527074   3.7003826   3.3382 0.0008470 ***
masters:phat:ma_education   -6.7953336   4.4067377  -1.5420 0.1231054    
masters:phat:ma_health      -0.2583515   2.2366766  -0.1155 0.9080463    
masters:phat2:ma_stem       14.4370628   4.7875297   3.0156 0.0025732 ** 
masters:phat2:ma_business  -42.0507937  10.1377033  -4.1480 3.389e-05 ***
masters:phat2:ma_education  15.7319796   9.5115676   1.6540 0.0981702 .  
masters:phat2:ma_health      1.6466219   4.9784738   0.3307 0.7408433    
masters:phat3:ma_stem       -8.8862103   2.9895786  -2.9724 0.0029637 ** 
masters:phat3:ma_business   39.3347476   8.4497676   4.6551 3.290e-06 ***
masters:phat3:ma_education -10.4168050   6.4456940  -1.6161 0.1061150    
masters:phat3:ma_health     -1.3476234   3.4266588  -0.3933 0.6941260    
---
Signif. codes:  0 ‘***’ 0.001 ‘**’ 0.01 ‘*’ 0.05 ‘.’ 0.1 ‘ ’ 1


--- Area-Specific MTE Functions ---
  Base (Other): -2.6567 + 20.6581*u + -33.4536*u^2 + 17.2490*u^3
  STEM:         -1.6747 + 13.6794*u + -19.0165*u^2 +  8.3628*u^3
  Business:     -3.3610 + 33.0108*u + -75.5044*u^2 + 56.5838*u^3
  Education:    -1.9143 + 13.8628*u + -17.7216*u^2 +  6.8322*u^3
  Health:       -2.7703 + 20.3998*u + -31.8070*u^2 + 15.9014*u^3

--- Area-Specific ATE (integral_0^1 MTE_a(u) du) ---
  ATE (Other):     0.8334
  ATE (STEM):      0.9169
  ATE (Business):  2.1222
  ATE (Education): 0.8179
  ATE (Health):    0.8026

--- Area-Specific ATT ---
  ATT (Other):     1.1623
  ATT (STEM):      1.3341
  ATT (Business):  1.1467
  ATT (Education): 1.2902
  ATT (Health):    1.2077

  ATU (pooled): 0.5528

==============================================
SECTION 6b-ATU: PROSPECTIVE PROGRAM AREA (UNTREATED)
==============================================
Total untreated: 4932 
  ma_stem_pro: 490  (  9.9%)
  ma_business_pro: 576  ( 11.7%)
  ma_education_pro: 268  (  5.4%)
  ma_health_pro: 1273  ( 25.8%)
  ma_other_pro: 2325  ( 47.1%)
CHECK PASSED: all untreated obs have exactly 1 prospective area

--- Area-Specific ATU (prospective assignment) ---
  ATU (stem): 1.0542
  ATU (business): 0.3131
  ATU (education): 0.8266
  ATU (health): 0.4738
  ATU (other): 0.5200

==============================================
AREA-SPECIFIC TREATMENT PARAMETER SUMMARY
==============================================
Area          ATE        ATT        ATU (prospective)
----------------------------------------------------
  Other      0.8334     1.1623     0.5200
  STEM       0.9169     1.3341     1.0542
  Business   2.1222     1.1467     0.3131
  Education  0.8179     1.2902     0.8266
  Health     0.8026     1.2077     0.4738

Running manual cluster bootstrap (G=50, R=500 reps)...
Each dot = 10 reps completed
NOTE: this step is the slowest part of the script -- expect roughly 1-2 minutes to complete in Stata. The R translation below uses a straightforward per-state filter inside each replication rather than a pre-built state index; this is simpler to follow but may run noticeably slower than the Stata original, especially R=500 reps over ~50 state clusters. If this loop is too slow in practice, consider pre-splitting df by state into a list once (e.g. split(df, df$state)) outside the loop and sampling from that list by name each iteration, which avoids repeating the df$state == s scan on every draw.
..................................................

Bootstrap complete: 500 of 500 reps successful

--- Wild Cluster Bootstrap: OLS ---
NOTE: package 'fwildclusterboot' not installed -- skipping wild cluster bootstrap.
      Install with install.packages('fwildclusterboot') to enable this block.

--- Wild Cluster Bootstrap: IV ---
NOTE: package 'fwildclusterboot' not installed -- skipping wild cluster bootstrap.

--- Bootstrap SEs: Pooled Parameters ---
  ATE = 0.8468  (Bootstrap SE = 0.0386)
  ATT = 1.2162  (Bootstrap SE = 0.0358)
  ATU = 0.5528  (Bootstrap SE = 0.1055)

--- Bootstrap SEs: Area-Specific ATE ---
Area          Point Est   BS SE    95% CI
-----------------------------------------------
  other      0.8334    0.0405   [0.7541, 0.9128]
  stem       0.9169    0.0820   [0.7562, 1.0775]
  business   2.1222    0.9975   [0.1670, 4.0774]
  education  0.8179    0.1250   [0.5730, 1.0628]
  health     0.8026    0.0636   [0.6780, 0.9272]

--- Bootstrap SEs: Area-Specific ATT ---
Area          Point Est   BS SE    95% CI                  Sig
---------------------------------------------------------------
  other      1.1623    0.0474   [ 1.0694,  1.2551]   ***
  stem       1.3341    0.0359   [ 1.2637,  1.4045]   ***
  business   1.1467    0.1089   [ 0.9333,  1.3601]   ***
  education  1.2902    0.0645   [ 1.1637,  1.4166]   ***
  health     1.2077    0.0411   [ 1.1272,  1.2882]   ***
  *** = 95% CI excludes zero (p < 0.05, two-tailed)

--- Bootstrap SEs: Area-Specific ATU (prospective assignment) ---
Area          Point Est   BS SE    95% CI                  Sig
---------------------------------------------------------------
  other      0.5200    0.1156   [ 0.2935,  0.7466]   ***
  stem       1.0542    0.0861   [ 0.8855,  1.2229]   ***
  business   0.3131    0.2057   [-0.0901,  0.7164]      
  education  0.8266    0.1426   [ 0.5470,  1.1062]   ***
  health     0.4738    0.1130   [ 0.2523,  0.6954]   ***
  *** = 95% CI excludes zero (p < 0.05, two-tailed)
  Note: ATU based on prospective program area assignment (seed 20260102).

==============================================
RESULTS COMPARISON
==============================================
  Naive OLS:              0.9633 (SE = 0.0178 -- likely biased)
  IV/LATE:                0.4031 (SE = 0.0489 -- complier effect)
  MTE-based ATE (cubic):  0.8468 (BS SE = 0.0386)
  MTE-based ATT:          1.2162 (BS SE = 0.0358)
  MTE-based ATU:          0.5528 (BS SE = 0.1055)
  NOTE: mtefe (local-IV) ATE/ATT/ATU are not replicated in this R
        translation -- see Stata output for that estimator's values.
  ATT > ATE > ATU: POSITIVE SELECTION on gains
OLS BIAS:  13.7% relative to MTE-based ATE

OLS vs. IV Estimates of Master's Degree Effect
 Variable         ols_naive           iv_2sls
  masters  0.9633 ( 0.0178)  0.4031 ( 0.0489)
N: ols_naive = 8000, iv_2sls = 8000
r2: ols_naive = 0.3179, iv_2sls = 0.2245

==============================================
MTE VISUALIZATION
==============================================

Estimated MTE by Propensity Score Decile:
# A tibble: 10 × 4
   p_decile mte_mean  mte_sd     n
      <int>    <dbl>   <dbl> <int>
 1        1   -1.01  0.381     800
 2        2   -0.152 0.181     800
 3        3    0.379 0.134     800
 4        4    0.774 0.0955    800
 5        5    1.08  0.0764    800
 6        6    1.30  0.0504    800
 7        7    1.43  0.0263    800
 8        8    1.48  0.00453   800
 9        9    1.44  0.0276    800
10       10    1.36  0.0388    800

Empirical phat support by area (treated obs):
  stem: [0.046, 0.973]
  business: [0.033, 0.747]
  education: [0.051, 0.904]
  health: [0.049, 0.963]
  other: [0.027, 0.964]
Current mean GA: $19.06k  Proposed (20% increase): $22.87k
Average increase in Pr(Master's): 0.1695
Approximate PRTE (20% GA increase): 0.2705

==============================================
MPRTE - SCENARIOS 1-4 (ORIGINAL)
==============================================
MPRTE (uniform $1k): 0.9784
PRTE  (discrete $1k): 0.9599
MPRTE (targeted low-income): 0.9336
MPRTE (STEM enhancement): 1.2367
MPRTE (education major support): 1.1615

==============================================
MPRTE BY GRADUATE PROGRAM AREA (Scenarios 5-8)
==============================================
MPRTE (STEM grad pipeline, $2.5k): 1.2533
PRTE  (STEM grad pipeline, $2.5k): 1.2296
Mean phat for STEM undergrads:     0.5424
MPRTE (Business grad pipeline, $2.5k): 0.7849
PRTE  (Business grad pipeline, $2.5k): 0.7344
MPRTE (Education grad pipeline, $2.5k): 1.1188
PRTE  (Education grad pipeline, $2.5k): 1.0864
MPRTE (Health & Related pipeline, $2.5k): 0.9804
PRTE  (Health & Related pipeline, $2.5k): 0.9327
   ga_increase  p_margin mprte_approx
1          0.5 0.3878994     1.316915
2          1.0 0.3953994     1.336176
3          1.5 0.4028994     1.354051
4          2.0 0.4103994     1.370580
5          2.5 0.4178994     1.385799
6          3.0 0.4253994     1.399748
7          3.5 0.4328994     1.412465
8          4.0 0.4403994     1.423988
9          4.5 0.4478994     1.434355
10         5.0 0.4553994     1.443604
11         5.5 0.4628994     1.451775
12         6.0 0.4703994     1.458904
13         6.5 0.4778994     1.465031
14         7.0 0.4853994     1.470194
15         7.5 0.4928994     1.474431
16         8.0 0.5003994     1.477779
17         8.5 0.5078994     1.480279
18         9.0 0.5153994     1.481967
19         9.5 0.5228994     1.482882
20        10.0 0.5303994     1.483062

==============================================
COMPARISON OF TREATMENT EFFECT PARAMETERS
==============================================
Parameter     Manual(cubic)  BS SE(manual)
=======================================================================
ATE           0.8468 (0.0386)
ATT           1.2162 (0.0358)
ATU           0.5528 (0.1055)
LATE (IV)     0.4031 (0.0489)
NOTE: mtefe (local-IV) column omitted -- not replicated in R; see
      Stata output for that estimator's ATE/ATT/ATU/LATE values.
---------------------------------------------------------
MPRTE (uniform)                   0.9784
MPRTE (low-income)                0.9336
MPRTE (STEM ug -> any grad)       1.2367
MPRTE (Ed ug -> any grad)         1.1615

AREA-SPECIFIC PARAMETERS WITH 95% CONFIDENCE INTERVALS:
(Cluster bootstrap, G=50 states, R=500 reps)
ATE estimates:
Area          Estimate   (BS SE)    95% CI                  Sig
------------------------------------------------------------------
  other     0.8334   (0.0405)   [ 0.7541,  0.9128]   ***
  stem      0.9169   (0.0820)   [ 0.7562,  1.0775]   ***
  business  2.1222   (0.9975)   [ 0.1670,  4.0774]   ***
  education 0.8179   (0.1250)   [ 0.5730,  1.0628]   ***
  health    0.8026   (0.0636)   [ 0.6780,  0.9272]   ***

ATT estimates:
Area          Estimate   (BS SE)    95% CI                  Sig
------------------------------------------------------------------
  other     1.1623   (0.0474)   [ 1.0694,  1.2551]   ***
  stem      1.3341   (0.0359)   [ 1.2637,  1.4045]   ***
  business  1.1467   (0.1089)   [ 0.9333,  1.3601]   ***
  education 1.2902   (0.0645)   [ 1.1637,  1.4166]   ***
  health    1.2077   (0.0411)   [ 1.1272,  1.2882]   ***

ATU estimates (prospective program area assignment):
Area          Estimate   (BS SE)    95% CI                  Sig
------------------------------------------------------------------
  other     0.5200   (0.1156)   [ 0.2935,  0.7466]   ***
  stem      1.0542   (0.0861)   [ 0.8855,  1.2229]   ***
  business  0.3131   (0.2057)   [-0.0901,  0.7164]      
  education 0.8266   (0.1426)   [ 0.5470,  1.1062]   ***
  health    0.4738   (0.1130)   [ 0.2523,  0.6954]   ***
  *** = 95% CI excludes zero (p < 0.05, two-tailed)

MPRTE BY GRADUATE PIPELINE (Scenarios 5-8):
  STEM grad pipeline:         1.2533
  Business grad pipeline:     0.7849
  Education grad pipeline:    1.1188
  Health & Related pipeline:  0.9804
Present value factor (30 years, 3%):  19.60

--- Scenarios 1-4: Original MPRTE-based CBA ---
Policy               MPRTE    Annual Gain   PV Gain    B/C Ratio
==================================================================
Uniform              0.9784   $ 78024    $ 1529307   30.59
Low-income           0.9336   $ 72548    $ 1421967   28.44
STEM ug              1.2367   $114875    $ 2251604   45.03
Education ug         1.1615   $103148    $ 2021749   40.43

--- Scenarios 5-8: Graduate Program Area MPRTE-based CBA ---
  Base salaries: STEM=$ 65000 Business=$ 60000 Ed=$ 42000 Health=$ 68000

Pipeline            MPRTE    Annual Gain   PV Gain    B/C Ratio
==================================================================
STEM pipeline       1.2533   $162626    $ 3187550   63.75
Business pipeline   0.7849   $ 71525    $ 1401921   28.04
Education pipeline  1.1188   $ 86567    $ 1696748   33.93
Health pipeline     0.9804   $113263    $ 2220009   44.40
Note: B/C > 1 suggests policy expansion is beneficial (synthetic data only).

==============================================
ANALYSIS COMPLETE
==============================================
  1.  Treatment rate:                  0.384
  2.  OLS estimate (biased):           0.9633
  3.  IV/LATE estimate:                0.4031
  4.  MTE-based ATE (cubic):           0.8468 (BS SE = 0.0386)
  5.  MTE-based ATT:                   1.2162 (BS SE = 0.0358)
  6.  MTE-based ATU:                   0.5528 (BS SE = 0.1055)
  7.  First-stage F:                   1297.2
      (mtefe local-IV ATE/ATT/ATU not replicated in R; see Stata output)

AREA-SPECIFIC ATE, ATT, AND ATU WITH 95% CONFIDENCE INTERVALS
(Cluster bootstrap, G=50 states, R=500 reps, seed 20260101)
ATU based on prospective program area assignment (seed 20260102)
==================================================================
ATE estimates:
Area          Estimate   (BS SE)    95% CI                  Sig
------------------------------------------------------------------
  other     0.8334   (0.0405)   [ 0.7541,  0.9128]   ***
  stem      0.9169   (0.0820)   [ 0.7562,  1.0775]   ***
  business  2.1222   (0.9975)   [ 0.1670,  4.0774]   ***
  education 0.8179   (0.1250)   [ 0.5730,  1.0628]   ***
  health    0.8026   (0.0636)   [ 0.6780,  0.9272]   ***

ATT estimates:
Area          Estimate   (BS SE)    95% CI                  Sig
------------------------------------------------------------------
  other     1.1623   (0.0474)   [ 1.0694,  1.2551]   ***
  stem      1.3341   (0.0359)   [ 1.2637,  1.4045]   ***
  business  1.1467   (0.1089)   [ 0.9333,  1.3601]   ***
  education 1.2902   (0.0645)   [ 1.1637,  1.4166]   ***
  health    1.2077   (0.0411)   [ 1.1272,  1.2882]   ***

ATU estimates (prospective program area assignment):
Area          Estimate   (BS SE)    95% CI                  Sig
------------------------------------------------------------------
  other     0.5200   (0.1156)   [ 0.2935,  0.7466]   ***
  stem      1.0542   (0.0861)   [ 0.8855,  1.2229]   ***
  business  0.3131   (0.2057)   [-0.0901,  0.7164]      
  education 0.8266   (0.1426)   [ 0.5470,  1.1062]   ***
  health    0.4738   (0.1130)   [ 0.2523,  0.6954]   ***
  *** = 95% CI excludes zero (p < 0.05, two-tailed)
  Note: Business ATE CI is wide -- interpret point estimate with caution.

MPRTE SUMMARY - Original Scenarios:
  Uniform policy:         0.9784
  Low-income targeted:    0.9336
  STEM ug pipeline:       1.2367
  Education ug pipeline:  1.1615

MPRTE SUMMARY - Graduate Program Area Pipelines (Scenarios 5-8):
  STEM grad pipeline:     1.2533
  Business grad pipeline: 0.7849
  Education pipeline:     1.1188
  Health & Related:       0.9804

Bootstrap: G=50 state clusters, R=500 reps, seed(20260101)
Files saved: bb_mte_analysis.dta, mte_summary_by_field.csv,
             mte_summary_by_program_area.csv

IMPORTANT NOTE: Synthetic data -- results illustrate methods only.
==============================================
END OF MTE/MPRTE ANALYSIS
==============================================

MTE_MPRTE.R log closed: 2026-06-28 20:08:04 
